<?xml version="1.0" encoding="UTF-8"?>
<testsuite xmlns:xsi="http://www.w3.org/2001/XMLSchema-instance" xsi:noNamespaceSchemaLocation="https://maven.apache.org/surefire/maven-surefire-plugin/xsd/surefire-test-report.xsd" name="org.example.AppTest" time="3.704" tests="3" errors="0" skipped="0" failures="0">
  <properties>
    <property name="java.specification.version" value="20"/>
    <property name="sun.cpu.isalist" value="amd64"/>
    <property name="sun.jnu.encoding" value="Cp1251"/>
    <property name="java.class.path" value="C:\Users\sotni\IdeaProjects\AllureTest\target\test-classes;C:\Users\sotni\IdeaProjects\AllureTest\target\classes;C:\Users\sotni\.m2\repository\junit\junit\4.13.2\junit-4.13.2.jar;C:\Users\sotni\.m2\repository\org\hamcrest\hamcrest-core\1.3\hamcrest-core-1.3.jar;C:\Users\sotni\.m2\repository\org\slf4j\log4j-over-slf4j\2.0.7\log4j-over-slf4j-2.0.7.jar;C:\Users\sotni\.m2\repository\org\slf4j\slf4j-api\2.0.7\slf4j-api-2.0.7.jar;C:\Users\sotni\.m2\repository\org\slf4j\slf4j-simple\2.0.7\slf4j-simple-2.0.7.jar;C:\Users\sotni\.m2\repository\org\apache\logging\log4j\log4j-core\2.20.0\log4j-core-2.20.0.jar;C:\Users\sotni\.m2\repository\org\apache\logging\log4j\log4j-api\2.20.0\log4j-api-2.20.0.jar;C:\Users\sotni\.m2\repository\io\qameta\allure\allure-junit5\2.13.6\allure-junit5-2.13.6.jar;C:\Users\sotni\.m2\repository\io\qameta\allure\allure-junit-platform\2.13.6\allure-junit-platform-2.13.6.jar;C:\Users\sotni\.m2\repository\io\qameta\allure\allure-java-commons\2.13.6\allure-java-commons-2.13.6.jar;C:\Users\sotni\.m2\repository\io\qameta\allure\allure-model\2.13.6\allure-model-2.13.6.jar;C:\Users\sotni\.m2\repository\com\fasterxml\jackson\core\jackson-databind\2.11.2\jackson-databind-2.11.2.jar;C:\Users\sotni\.m2\repository\com\fasterxml\jackson\core\jackson-annotations\2.11.2\jackson-annotations-2.11.2.jar;C:\Users\sotni\.m2\repository\com\fasterxml\jackson\core\jackson-core\2.11.2\jackson-core-2.11.2.jar;C:\Users\sotni\.m2\repository\org\apache\tika\tika-core\1.24.1\tika-core-1.24.1.jar;C:\Users\sotni\.m2\repository\org\jooq\joor-java-8\0.9.13\joor-java-8-0.9.13.jar;C:\Users\sotni\.m2\repository\org\junit\platform\junit-platform-launcher\1.7.0\junit-platform-launcher-1.7.0.jar;C:\Users\sotni\.m2\repository\org\apache\maven\maven-core\3.9.1\maven-core-3.9.1.jar;C:\Users\sotni\.m2\repository\org\apache\maven\maven-model\3.9.1\maven-model-3.9.1.jar;C:\Users\sotni\.m2\repository\org\apache\maven\maven-settings\3.9.1\maven-settings-3.9.1.jar;C:\Users\sotni\.m2\repository\org\apache\maven\maven-settings-builder\3.9.1\maven-settings-builder-3.9.1.jar;C:\Users\sotni\.m2\repository\org\codehaus\plexus\plexus-sec-dispatcher\2.0\plexus-sec-dispatcher-2.0.jar;C:\Users\sotni\.m2\repository\org\codehaus\plexus\plexus-cipher\2.0\plexus-cipher-2.0.jar;C:\Users\sotni\.m2\repository\org\apache\maven\maven-builder-support\3.9.1\maven-builder-support-3.9.1.jar;C:\Users\sotni\.m2\repository\org\apache\maven\maven-repository-metadata\3.9.1\maven-repository-metadata-3.9.1.jar;C:\Users\sotni\.m2\repository\org\apache\maven\maven-artifact\3.9.1\maven-artifact-3.9.1.jar;C:\Users\sotni\.m2\repository\org\apache\maven\maven-plugin-api\3.9.1\maven-plugin-api-3.9.1.jar;C:\Users\sotni\.m2\repository\org\apache\maven\maven-model-builder\3.9.1\maven-model-builder-3.9.1.jar;C:\Users\sotni\.m2\repository\org\apache\maven\maven-resolver-provider\3.9.1\maven-resolver-provider-3.9.1.jar;C:\Users\sotni\.m2\repository\org\apache\maven\resolver\maven-resolver-impl\1.9.7\maven-resolver-impl-1.9.7.jar;C:\Users\sotni\.m2\repository\org\apache\maven\resolver\maven-resolver-named-locks\1.9.7\maven-resolver-named-locks-1.9.7.jar;C:\Users\sotni\.m2\repository\org\apache\maven\resolver\maven-resolver-api\1.9.7\maven-resolver-api-1.9.7.jar;C:\Users\sotni\.m2\repository\org\apache\maven\resolver\maven-resolver-spi\1.9.7\maven-resolver-spi-1.9.7.jar;C:\Users\sotni\.m2\repository\org\apache\maven\resolver\maven-resolver-util\1.9.7\maven-resolver-util-1.9.7.jar;C:\Users\sotni\.m2\repository\org\apache\maven\shared\maven-shared-utils\3.3.4\maven-shared-utils-3.3.4.jar;C:\Users\sotni\.m2\repository\org\eclipse\sisu\org.eclipse.sisu.plexus\0.3.5\org.eclipse.sisu.plexus-0.3.5.jar;C:\Users\sotni\.m2\repository\javax\annotation\javax.annotation-api\1.2\javax.annotation-api-1.2.jar;C:\Users\sotni\.m2\repository\org\eclipse\sisu\org.eclipse.sisu.inject\0.3.5\org.eclipse.sisu.inject-0.3.5.jar;C:\Users\sotni\.m2\repository\com\google\inject\guice\5.1.0\guice-5.1.0.jar;C:\Users\sotni\.m2\repository\aopalliance\aopalliance\1.0\aopalliance-1.0.jar;C:\Users\sotni\.m2\repository\com\google\guava\guava\30.1-jre\guava-30.1-jre.jar;C:\Users\sotni\.m2\repository\com\google\guava\failureaccess\1.0.1\failureaccess-1.0.1.jar;C:\Users\sotni\.m2\repository\javax\inject\javax.inject\1\javax.inject-1.jar;C:\Users\sotni\.m2\repository\org\codehaus\plexus\plexus-utils\3.5.1\plexus-utils-3.5.1.jar;C:\Users\sotni\.m2\repository\org\codehaus\plexus\plexus-classworlds\2.6.0\plexus-classworlds-2.6.0.jar;C:\Users\sotni\.m2\repository\org\codehaus\plexus\plexus-interpolation\1.26\plexus-interpolation-1.26.jar;C:\Users\sotni\.m2\repository\org\codehaus\plexus\plexus-component-annotations\2.1.0\plexus-component-annotations-2.1.0.jar;C:\Users\sotni\.m2\repository\org\apache\commons\commons-lang3\3.8.1\commons-lang3-3.8.1.jar;C:\Users\sotni\.m2\repository\org\junit\jupiter\junit-jupiter-api\5.8.2\junit-jupiter-api-5.8.2.jar;C:\Users\sotni\.m2\repository\org\opentest4j\opentest4j\1.2.0\opentest4j-1.2.0.jar;C:\Users\sotni\.m2\repository\org\junit\platform\junit-platform-commons\1.8.2\junit-platform-commons-1.8.2.jar;C:\Users\sotni\.m2\repository\org\apiguardian\apiguardian-api\1.1.2\apiguardian-api-1.1.2.jar;C:\Users\sotni\.m2\repository\org\junit\vintage\junit-vintage-engine\5.8.2\junit-vintage-engine-5.8.2.jar;C:\Users\sotni\.m2\repository\org\junit\platform\junit-platform-engine\1.8.2\junit-platform-engine-1.8.2.jar;C:\Users\sotni\.m2\repository\io\rest-assured\rest-assured\5.3.0\rest-assured-5.3.0.jar;C:\Users\sotni\.m2\repository\org\apache\groovy\groovy\4.0.6\groovy-4.0.6.jar;C:\Users\sotni\.m2\repository\org\apache\groovy\groovy-xml\4.0.6\groovy-xml-4.0.6.jar;C:\Users\sotni\.m2\repository\org\apache\httpcomponents\httpclient\4.5.13\httpclient-4.5.13.jar;C:\Users\sotni\.m2\repository\org\apache\httpcomponents\httpcore\4.4.13\httpcore-4.4.13.jar;C:\Users\sotni\.m2\repository\commons-logging\commons-logging\1.2\commons-logging-1.2.jar;C:\Users\sotni\.m2\repository\commons-codec\commons-codec\1.11\commons-codec-1.11.jar;C:\Users\sotni\.m2\repository\org\apache\httpcomponents\httpmime\4.5.13\httpmime-4.5.13.jar;C:\Users\sotni\.m2\repository\org\hamcrest\hamcrest\2.1\hamcrest-2.1.jar;C:\Users\sotni\.m2\repository\org\ccil\cowan\tagsoup\tagsoup\1.2.1\tagsoup-1.2.1.jar;C:\Users\sotni\.m2\repository\io\rest-assured\json-path\5.3.0\json-path-5.3.0.jar;C:\Users\sotni\.m2\repository\org\apache\groovy\groovy-json\4.0.6\groovy-json-4.0.6.jar;C:\Users\sotni\.m2\repository\io\rest-assured\rest-assured-common\5.3.0\rest-assured-common-5.3.0.jar;C:\Users\sotni\.m2\repository\io\rest-assured\xml-path\5.3.0\xml-path-5.3.0.jar;"/>
    <property name="java.vm.vendor" value="Oracle Corporation"/>
    <property name="sun.arch.data.model" value="64"/>
    <property name="user.variant" value=""/>
    <property name="java.vendor.url" value="https://java.oracle.com/"/>
    <property name="user.timezone" value="Europe/Moscow"/>
    <property name="os.name" value="Windows 10"/>
    <property name="java.vm.specification.version" value="20"/>
    <property name="sun.java.launcher" value="SUN_STANDARD"/>
    <property name="user.country" value="RU"/>
    <property name="sun.boot.library.path" value="C:\Users\sotni\.jdks\openjdk-20\bin"/>
    <property name="sun.java.command" value="C:\Users\sotni\AppData\Local\Temp\surefire2635656430291467021\surefirebooter16698019074634455283.jar C:\Users\sotni\AppData\Local\Temp\surefire2635656430291467021 2023-04-01T20-40-22_301-jvmRun1 surefire11316064369350229760tmp surefire_04460551114779090074tmp"/>
    <property name="jdk.debug" value="release"/>
    <property name="surefire.test.class.path" value="C:\Users\sotni\IdeaProjects\AllureTest\target\test-classes;C:\Users\sotni\IdeaProjects\AllureTest\target\classes;C:\Users\sotni\.m2\repository\junit\junit\4.13.2\junit-4.13.2.jar;C:\Users\sotni\.m2\repository\org\hamcrest\hamcrest-core\1.3\hamcrest-core-1.3.jar;C:\Users\sotni\.m2\repository\org\slf4j\log4j-over-slf4j\2.0.7\log4j-over-slf4j-2.0.7.jar;C:\Users\sotni\.m2\repository\org\slf4j\slf4j-api\2.0.7\slf4j-api-2.0.7.jar;C:\Users\sotni\.m2\repository\org\slf4j\slf4j-simple\2.0.7\slf4j-simple-2.0.7.jar;C:\Users\sotni\.m2\repository\org\apache\logging\log4j\log4j-core\2.20.0\log4j-core-2.20.0.jar;C:\Users\sotni\.m2\repository\org\apache\logging\log4j\log4j-api\2.20.0\log4j-api-2.20.0.jar;C:\Users\sotni\.m2\repository\io\qameta\allure\allure-junit5\2.13.6\allure-junit5-2.13.6.jar;C:\Users\sotni\.m2\repository\io\qameta\allure\allure-junit-platform\2.13.6\allure-junit-platform-2.13.6.jar;C:\Users\sotni\.m2\repository\io\qameta\allure\allure-java-commons\2.13.6\allure-java-commons-2.13.6.jar;C:\Users\sotni\.m2\repository\io\qameta\allure\allure-model\2.13.6\allure-model-2.13.6.jar;C:\Users\sotni\.m2\repository\com\fasterxml\jackson\core\jackson-databind\2.11.2\jackson-databind-2.11.2.jar;C:\Users\sotni\.m2\repository\com\fasterxml\jackson\core\jackson-annotations\2.11.2\jackson-annotations-2.11.2.jar;C:\Users\sotni\.m2\repository\com\fasterxml\jackson\core\jackson-core\2.11.2\jackson-core-2.11.2.jar;C:\Users\sotni\.m2\repository\org\apache\tika\tika-core\1.24.1\tika-core-1.24.1.jar;C:\Users\sotni\.m2\repository\org\jooq\joor-java-8\0.9.13\joor-java-8-0.9.13.jar;C:\Users\sotni\.m2\repository\org\junit\platform\junit-platform-launcher\1.7.0\junit-platform-launcher-1.7.0.jar;C:\Users\sotni\.m2\repository\org\apache\maven\maven-core\3.9.1\maven-core-3.9.1.jar;C:\Users\sotni\.m2\repository\org\apache\maven\maven-model\3.9.1\maven-model-3.9.1.jar;C:\Users\sotni\.m2\repository\org\apache\maven\maven-settings\3.9.1\maven-settings-3.9.1.jar;C:\Users\sotni\.m2\repository\org\apache\maven\maven-settings-builder\3.9.1\maven-settings-builder-3.9.1.jar;C:\Users\sotni\.m2\repository\org\codehaus\plexus\plexus-sec-dispatcher\2.0\plexus-sec-dispatcher-2.0.jar;C:\Users\sotni\.m2\repository\org\codehaus\plexus\plexus-cipher\2.0\plexus-cipher-2.0.jar;C:\Users\sotni\.m2\repository\org\apache\maven\maven-builder-support\3.9.1\maven-builder-support-3.9.1.jar;C:\Users\sotni\.m2\repository\org\apache\maven\maven-repository-metadata\3.9.1\maven-repository-metadata-3.9.1.jar;C:\Users\sotni\.m2\repository\org\apache\maven\maven-artifact\3.9.1\maven-artifact-3.9.1.jar;C:\Users\sotni\.m2\repository\org\apache\maven\maven-plugin-api\3.9.1\maven-plugin-api-3.9.1.jar;C:\Users\sotni\.m2\repository\org\apache\maven\maven-model-builder\3.9.1\maven-model-builder-3.9.1.jar;C:\Users\sotni\.m2\repository\org\apache\maven\maven-resolver-provider\3.9.1\maven-resolver-provider-3.9.1.jar;C:\Users\sotni\.m2\repository\org\apache\maven\resolver\maven-resolver-impl\1.9.7\maven-resolver-impl-1.9.7.jar;C:\Users\sotni\.m2\repository\org\apache\maven\resolver\maven-resolver-named-locks\1.9.7\maven-resolver-named-locks-1.9.7.jar;C:\Users\sotni\.m2\repository\org\apache\maven\resolver\maven-resolver-api\1.9.7\maven-resolver-api-1.9.7.jar;C:\Users\sotni\.m2\repository\org\apache\maven\resolver\maven-resolver-spi\1.9.7\maven-resolver-spi-1.9.7.jar;C:\Users\sotni\.m2\repository\org\apache\maven\resolver\maven-resolver-util\1.9.7\maven-resolver-util-1.9.7.jar;C:\Users\sotni\.m2\repository\org\apache\maven\shared\maven-shared-utils\3.3.4\maven-shared-utils-3.3.4.jar;C:\Users\sotni\.m2\repository\org\eclipse\sisu\org.eclipse.sisu.plexus\0.3.5\org.eclipse.sisu.plexus-0.3.5.jar;C:\Users\sotni\.m2\repository\javax\annotation\javax.annotation-api\1.2\javax.annotation-api-1.2.jar;C:\Users\sotni\.m2\repository\org\eclipse\sisu\org.eclipse.sisu.inject\0.3.5\org.eclipse.sisu.inject-0.3.5.jar;C:\Users\sotni\.m2\repository\com\google\inject\guice\5.1.0\guice-5.1.0.jar;C:\Users\sotni\.m2\repository\aopalliance\aopalliance\1.0\aopalliance-1.0.jar;C:\Users\sotni\.m2\repository\com\google\guava\guava\30.1-jre\guava-30.1-jre.jar;C:\Users\sotni\.m2\repository\com\google\guava\failureaccess\1.0.1\failureaccess-1.0.1.jar;C:\Users\sotni\.m2\repository\javax\inject\javax.inject\1\javax.inject-1.jar;C:\Users\sotni\.m2\repository\org\codehaus\plexus\plexus-utils\3.5.1\plexus-utils-3.5.1.jar;C:\Users\sotni\.m2\repository\org\codehaus\plexus\plexus-classworlds\2.6.0\plexus-classworlds-2.6.0.jar;C:\Users\sotni\.m2\repository\org\codehaus\plexus\plexus-interpolation\1.26\plexus-interpolation-1.26.jar;C:\Users\sotni\.m2\repository\org\codehaus\plexus\plexus-component-annotations\2.1.0\plexus-component-annotations-2.1.0.jar;C:\Users\sotni\.m2\repository\org\apache\commons\commons-lang3\3.8.1\commons-lang3-3.8.1.jar;C:\Users\sotni\.m2\repository\org\junit\jupiter\junit-jupiter-api\5.8.2\junit-jupiter-api-5.8.2.jar;C:\Users\sotni\.m2\repository\org\opentest4j\opentest4j\1.2.0\opentest4j-1.2.0.jar;C:\Users\sotni\.m2\repository\org\junit\platform\junit-platform-commons\1.8.2\junit-platform-commons-1.8.2.jar;C:\Users\sotni\.m2\repository\org\apiguardian\apiguardian-api\1.1.2\apiguardian-api-1.1.2.jar;C:\Users\sotni\.m2\repository\org\junit\vintage\junit-vintage-engine\5.8.2\junit-vintage-engine-5.8.2.jar;C:\Users\sotni\.m2\repository\org\junit\platform\junit-platform-engine\1.8.2\junit-platform-engine-1.8.2.jar;C:\Users\sotni\.m2\repository\io\rest-assured\rest-assured\5.3.0\rest-assured-5.3.0.jar;C:\Users\sotni\.m2\repository\org\apache\groovy\groovy\4.0.6\groovy-4.0.6.jar;C:\Users\sotni\.m2\repository\org\apache\groovy\groovy-xml\4.0.6\groovy-xml-4.0.6.jar;C:\Users\sotni\.m2\repository\org\apache\httpcomponents\httpclient\4.5.13\httpclient-4.5.13.jar;C:\Users\sotni\.m2\repository\org\apache\httpcomponents\httpcore\4.4.13\httpcore-4.4.13.jar;C:\Users\sotni\.m2\repository\commons-logging\commons-logging\1.2\commons-logging-1.2.jar;C:\Users\sotni\.m2\repository\commons-codec\commons-codec\1.11\commons-codec-1.11.jar;C:\Users\sotni\.m2\repository\org\apache\httpcomponents\httpmime\4.5.13\httpmime-4.5.13.jar;C:\Users\sotni\.m2\repository\org\hamcrest\hamcrest\2.1\hamcrest-2.1.jar;C:\Users\sotni\.m2\repository\org\ccil\cowan\tagsoup\tagsoup\1.2.1\tagsoup-1.2.1.jar;C:\Users\sotni\.m2\repository\io\rest-assured\json-path\5.3.0\json-path-5.3.0.jar;C:\Users\sotni\.m2\repository\org\apache\groovy\groovy-json\4.0.6\groovy-json-4.0.6.jar;C:\Users\sotni\.m2\repository\io\rest-assured\rest-assured-common\5.3.0\rest-assured-common-5.3.0.jar;C:\Users\sotni\.m2\repository\io\rest-assured\xml-path\5.3.0\xml-path-5.3.0.jar;"/>
    <property name="allure.results.directory" value="C:\Users\sotni\IdeaProjects\AllureTest\target/allure-results"/>
    <property name="sun.cpu.endian" value="little"/>
    <property name="user.home" value="C:\Users\sotni"/>
    <property name="user.language" value="ru"/>
    <property name="java.specification.vendor" value="Oracle Corporation"/>
    <property name="java.version.date" value="2023-03-21"/>
    <property name="java.home" value="C:\Users\sotni\.jdks\openjdk-20"/>
    <property name="file.separator" value="\"/>
    <property name="basedir" value="C:\Users\sotni\IdeaProjects\AllureTest"/>
    <property name="java.vm.compressedOopsMode" value="Zero based"/>
    <property name="line.separator" value="&#10;"/>
    <property name="java.vm.specification.vendor" value="Oracle Corporation"/>
    <property name="java.specification.name" value="Java Platform API Specification"/>
    <property name="surefire.real.class.path" value="C:\Users\sotni\AppData\Local\Temp\surefire2635656430291467021\surefirebooter16698019074634455283.jar"/>
    <property name="user.script" value=""/>
    <property name="sun.management.compiler" value="HotSpot 64-Bit Tiered Compilers"/>
    <property name="java.runtime.version" value="20+36-2344"/>
    <property name="user.name" value="sotni"/>
    <property name="stdout.encoding" value="Cp1251"/>
    <property name="path.separator" value=";"/>
    <property name="os.version" value="10.0"/>
    <property name="java.runtime.name" value="OpenJDK Runtime Environment"/>
    <property name="file.encoding" value="UTF-8"/>
    <property name="java.vm.name" value="OpenJDK 64-Bit Server VM"/>
    <property name="localRepository" value="C:\Users\sotni\.m2\repository"/>
    <property name="java.vendor.url.bug" value="https://bugreport.java.com/bugreport/"/>
    <property name="java.io.tmpdir" value="C:\Users\sotni\AppData\Local\Temp\"/>
    <property name="idea.version" value="2022.3.3"/>
    <property name="java.version" value="20"/>
    <property name="user.dir" value="C:\Users\sotni\IdeaProjects\AllureTest"/>
    <property name="os.arch" value="amd64"/>
    <property name="java.vm.specification.name" value="Java Virtual Machine Specification"/>
    <property name="sun.os.patch.level" value=""/>
    <property name="native.encoding" value="Cp1251"/>
    <property name="java.library.path" value="C:\Users\sotni\.jdks\openjdk-20\bin;C:\Windows\Sun\Java\bin;C:\Windows\system32;C:\Windows;C:\Program Files\Common Files\Oracle\Java\javapath;C:\Windows\system32;C:\Windows;C:\Windows\System32\Wbem;C:\Windows\System32\WindowsPowerShell\v1.0\;C:\Windows\System32\OpenSSH\;C:\Program Files\Git\cmd;C:\Program Files\apache-maven-3.9.1-bin\apache-maven-3.9.1\bin;C:\Program Files\apache-maven-3.9.1-bin\apache-maven-3.9.1\bin;C:\Users\sotni\.jdks\openjdk-19.0.2\bin;C:\Users\sotni\AppData\Local\Microsoft\WindowsApps;C:\Program Files\apache-maven-3.9.1-bin\apache-maven-3.9.1\bin;C:\Program Files\apache-maven-3.9.1-bin\apache-maven-3.9.1\bin;C:\Users\sotni\.jdks\openjdk-19.0.2\bin;;C:\Program Files\JetBrains\IntelliJ IDEA Community Edition 2022.3.3\bin;;."/>
    <property name="java.vm.info" value="mixed mode, sharing"/>
    <property name="stderr.encoding" value="Cp1251"/>
    <property name="java.vendor" value="Oracle Corporation"/>
    <property name="java.vm.version" value="20+36-2344"/>
    <property name="selenide.reports" value="C:\Users\sotni\IdeaProjects\AllureTest/target/allure-results/screenshot"/>
    <property name="sun.io.unicode.encoding" value="UnicodeLittle"/>
    <property name="java.class.version" value="64.0"/>
  </properties>
  <testcase name="testFalse" classname="org.example.AppTest" time="0.222"/>
  <testcase name="testTrue" classname="org.example.AppTest" time="0.003"/>
  <testcase name="testRestGet" classname="org.example.AppTest" time="3.397"/>
</testsuite>